<?xml version="1.0" encoding="UTF-8"?>
<!-- Generated by org.testng.reporters.JUnitReportReporter -->
<testsuite hostname="NasDean" failures="0" tests="2" name="Selenium.tests.CartTestValidation" time="29.003" errors="0" timestamp="2023-01-01T02:02:27 SGT" skipped="0">
  <testcase classname="Selenium.tests.CartTestValidation" name="productNameVerification" time="15.069"/>
  <system-out/>
  <testcase classname="Selenium.tests.CartTestValidation" name="orderHistoryTest" time="13.934"/>
  <system-out/>
</testsuite> <!-- Selenium.tests.CartTestValidation -->
