<?xml version="1.0" encoding="UTF-8"?>
<!-- Generated by org.testng.reporters.JUnitReportReporter -->
<testsuite hostname="DESKTOP-V1UB775" failures="0" tests="1" name="Selenium.tests.endToEnd" time="25.579" errors="0" timestamp="2023-02-13T20:25:30 SGT" skipped="0">
  <testcase classname="Selenium.tests.endToEnd" name="emailValidation" time="25.579"/>
  <system-out/>
</testsuite> <!-- Selenium.tests.endToEnd -->
